  main.cpp
c:\users\acm_icpc\desktop\gr\2d-graphics-practice\3.0.simple2dtransarrowmouse_gl\main.h(30): warning C4005: 'DEBUG': 매크로 재정의
  c:\users\acm_icpc\desktop\gr\2d-graphics-practice\3.0.simple2dtransarrowmouse_gl\main.h(28): note: 'DEBUG'의 이전 정의를 참조하십시오.
c:\users\acm_icpc\desktop\gr\2d-graphics-practice\3.0.simple2dtransarrowmouse_gl\object.h(16): warning C4305: '초기화 중': 'double'에서 'float'(으)로 잘립니다.
c:\users\acm_icpc\desktop\gr\2d-graphics-practice\3.0.simple2dtransarrowmouse_gl\object.h(24): warning C4305: '초기화 중': 'double'에서 'float'(으)로 잘립니다.
c:\users\acm_icpc\desktop\gr\2d-graphics-practice\3.0.simple2dtransarrowmouse_gl\object.h(26): warning C4305: '초기화 중': 'double'에서 'float'(으)로 잘립니다.
c:\users\acm_icpc\desktop\gr\2d-graphics-practice\3.0.simple2dtransarrowmouse_gl\main.cpp(31): warning C4305: '초기화 중': 'double'에서 'float'(으)로 잘립니다.
c:\users\acm_icpc\desktop\gr\2d-graphics-practice\3.0.simple2dtransarrowmouse_gl\main.cpp(77): warning C4101: 'delx' :참조되지 않은 지역 변수입니다.
c:\users\acm_icpc\desktop\gr\2d-graphics-practice\3.0.simple2dtransarrowmouse_gl\main.cpp(77): warning C4101: 's' :참조되지 않은 지역 변수입니다.
c:\users\acm_icpc\desktop\gr\2d-graphics-practice\3.0.simple2dtransarrowmouse_gl\main.cpp(77): warning C4101: 'x' :참조되지 않은 지역 변수입니다.
c:\users\acm_icpc\desktop\gr\2d-graphics-practice\3.0.simple2dtransarrowmouse_gl\main.cpp(76): warning C4101: 'i' :참조되지 않은 지역 변수입니다.
c:\users\acm_icpc\desktop\gr\2d-graphics-practice\3.0.simple2dtransarrowmouse_gl\main.cpp(77): warning C4101: 'dels' :참조되지 않은 지역 변수입니다.
c:\users\acm_icpc\desktop\gr\2d-graphics-practice\3.0.simple2dtransarrowmouse_gl\main.cpp(77): warning C4101: 'r' :참조되지 않은 지역 변수입니다.
c:\users\acm_icpc\desktop\gr\2d-graphics-practice\3.0.simple2dtransarrowmouse_gl\main.cpp(77): warning C4101: 'delr' :참조되지 않은 지역 변수입니다.
c:\users\acm_icpc\desktop\gr\2d-graphics-practice\3.0.simple2dtransarrowmouse_gl\main.cpp(128): warning C4305: '*=': 'double'에서 'float'(으)로 잘립니다.
c:\users\acm_icpc\desktop\gr\2d-graphics-practice\3.0.simple2dtransarrowmouse_gl\main.cpp(130): warning C4305: '*=': 'double'에서 'float'(으)로 잘립니다.
c:\users\acm_icpc\desktop\gr\2d-graphics-practice\3.0.simple2dtransarrowmouse_gl\main.cpp(133): warning C4305: '*=': 'double'에서 'float'(으)로 잘립니다.
c:\users\acm_icpc\desktop\gr\2d-graphics-practice\3.0.simple2dtransarrowmouse_gl\main.cpp(135): warning C4305: '*=': 'double'에서 'float'(으)로 잘립니다.
c:\users\acm_icpc\desktop\gr\2d-graphics-practice\3.0.simple2dtransarrowmouse_gl\main.cpp(138): warning C4305: '*=': 'double'에서 'float'(으)로 잘립니다.
c:\users\acm_icpc\desktop\gr\2d-graphics-practice\3.0.simple2dtransarrowmouse_gl\main.cpp(140): warning C4305: '*=': 'double'에서 'float'(으)로 잘립니다.
c:\users\acm_icpc\desktop\gr\2d-graphics-practice\3.0.simple2dtransarrowmouse_gl\main.cpp(143): warning C4305: '*=': 'double'에서 'float'(으)로 잘립니다.
c:\users\acm_icpc\desktop\gr\2d-graphics-practice\3.0.simple2dtransarrowmouse_gl\main.cpp(145): warning C4305: '*=': 'double'에서 'float'(으)로 잘립니다.
c:\users\acm_icpc\desktop\gr\2d-graphics-practice\3.0.simple2dtransarrowmouse_gl\main.cpp(192): warning C4244: '-=': 'float'에서 'int'(으)로 변환하면서 데이터가 손실될 수 있습니다.
c:\users\acm_icpc\desktop\gr\2d-graphics-practice\3.0.simple2dtransarrowmouse_gl\main.cpp(193): warning C4244: '=': 'float'에서 'int'(으)로 변환하면서 데이터가 손실될 수 있습니다.
c:\users\acm_icpc\desktop\gr\2d-graphics-practice\3.0.simple2dtransarrowmouse_gl\main.cpp(257): warning C4244: '=': 'double'에서 'float'(으)로 변환하면서 데이터가 손실될 수 있습니다.
c:\users\acm_icpc\desktop\gr\2d-graphics-practice\3.0.simple2dtransarrowmouse_gl\main.cpp(292): warning C4244: '=': 'double'에서 'float'(으)로 변환하면서 데이터가 손실될 수 있습니다.
c:\users\acm_icpc\desktop\gr\2d-graphics-practice\3.0.simple2dtransarrowmouse_gl\main.cpp(319): warning C4244: '=': 'double'에서 'float'(으)로 변환하면서 데이터가 손실될 수 있습니다.
c:\users\acm_icpc\desktop\gr\2d-graphics-practice\3.0.simple2dtransarrowmouse_gl\main.cpp(346): warning C4244: '=': 'double'에서 'float'(으)로 변환하면서 데이터가 손실될 수 있습니다.
c:\users\acm_icpc\desktop\gr\2d-graphics-practice\3.0.simple2dtransarrowmouse_gl\main.cpp(375): warning C4244: '=': 'double'에서 'float'(으)로 변환하면서 데이터가 손실될 수 있습니다.
c:\program files (x86)\microsoft visual studio\2017\professional\vc\tools\msvc\14.16.27023\include\utility(172): warning C4244: '초기화 중': '_Ty'에서 '_Ty1'(으)로 변환하면서 데이터가 손실될 수 있습니다.
          with
          [
              _Ty=double
          ]
          and
          [
              _Ty1=GLfloat
          ]
  c:\users\acm_icpc\desktop\gr\2d-graphics-practice\3.0.simple2dtransarrowmouse_gl\main.cpp(245): note: 컴파일 중인 함수 템플릿 인스턴스화 'std::pair<GLfloat,GLfloat>::pair<double,double,0>(_Other1 &&,_Other2 &&) noexcept'에 대한 참조를 확인하십시오.
          with
          [
              _Other1=double,
              _Other2=double
          ]
  c:\users\acm_icpc\desktop\gr\2d-graphics-practice\3.0.simple2dtransarrowmouse_gl\main.cpp(237): note: 컴파일 중인 함수 템플릿 인스턴스화 'std::pair<GLfloat,GLfloat>::pair<double,double,0>(_Other1 &&,_Other2 &&) noexcept'에 대한 참조를 확인하십시오.
          with
          [
              _Other1=double,
              _Other2=double
          ]
c:\program files (x86)\microsoft visual studio\2017\professional\vc\tools\msvc\14.16.27023\include\utility(173): warning C4244: '초기화 중': '_Ty'에서 '_Ty2'(으)로 변환하면서 데이터가 손실될 수 있습니다.
          with
          [
              _Ty=double
          ]
          and
          [
              _Ty2=GLfloat
          ]
  3.0.Simple2DTransArrowMouse_GL.vcxproj -> C:\Users\ACM_ICPC\Desktop\GR\2D-Graphics-Practice\x64\Debug\3.0.Simple2DTransArrowMouse_GL.exe
