c:\users\acm_icpc\desktop\gr\2d-graphics-practice\3.0.simple2dtransarrowmouse_gl\debug\vc141.pdb
c:\users\acm_icpc\desktop\gr\2d-graphics-practice\3.0.simple2dtransarrowmouse_gl\debug\vc141.idb
c:\users\acm_icpc\desktop\gr\2d-graphics-practice\3.0.simple2dtransarrowmouse_gl\debug\simple2dtransformation.obj
c:\users\acm_icpc\desktop\gr\2d-graphics-practice\3.0.simple2dtransarrowmouse_gl\debug\loadshaders.obj
c:\users\acm_icpc\desktop\gr\2d-graphics-practice\3.0.simple2dtransarrowmouse_gl\debug\소스.obj
c:\users\acm_icpc\desktop\gr\2d-graphics-practice\3.0.simple2dtransarrowmouse_gl\debug\3.0.1.3.2d_objects_19.obj
c:\users\acm_icpc\desktop\gr\2d-graphics-practice\3.0.simple2dtransarrowmouse_gl\debug\axes.obj
c:\users\acm_icpc\desktop\gr\2d-graphics-practice\debug\3.0.simple2dtransarrowmouse_gl.exe
c:\users\acm_icpc\desktop\gr\2d-graphics-practice\debug\3.0.simple2dtransarrowmouse_gl.ilk
c:\users\acm_icpc\desktop\gr\2d-graphics-practice\debug\3.0.simple2dtransarrowmouse_gl.pdb
c:\users\acm_icpc\desktop\gr\2d-graphics-practice\3.0.simple2dtransarrowmouse_gl\debug\simple2dtransformation.obj.enc
c:\users\acm_icpc\desktop\gr\2d-graphics-practice\3.0.simple2dtransarrowmouse_gl\debug\3.0.simp.15ed7b14.tlog\cl.command.1.tlog
c:\users\acm_icpc\desktop\gr\2d-graphics-practice\3.0.simple2dtransarrowmouse_gl\debug\3.0.simp.15ed7b14.tlog\cl.read.1.tlog
c:\users\acm_icpc\desktop\gr\2d-graphics-practice\3.0.simple2dtransarrowmouse_gl\debug\3.0.simp.15ed7b14.tlog\cl.write.1.tlog
c:\users\acm_icpc\desktop\gr\2d-graphics-practice\3.0.simple2dtransarrowmouse_gl\debug\3.0.simp.15ed7b14.tlog\link-cvtres.read.1.tlog
c:\users\acm_icpc\desktop\gr\2d-graphics-practice\3.0.simple2dtransarrowmouse_gl\debug\3.0.simp.15ed7b14.tlog\link-cvtres.write.1.tlog
c:\users\acm_icpc\desktop\gr\2d-graphics-practice\3.0.simple2dtransarrowmouse_gl\debug\3.0.simp.15ed7b14.tlog\link-rc.read.1.tlog
c:\users\acm_icpc\desktop\gr\2d-graphics-practice\3.0.simple2dtransarrowmouse_gl\debug\3.0.simp.15ed7b14.tlog\link-rc.write.1.tlog
c:\users\acm_icpc\desktop\gr\2d-graphics-practice\3.0.simple2dtransarrowmouse_gl\debug\3.0.simp.15ed7b14.tlog\link.7856-cvtres.read.1.tlog
c:\users\acm_icpc\desktop\gr\2d-graphics-practice\3.0.simple2dtransarrowmouse_gl\debug\3.0.simp.15ed7b14.tlog\link.7856-cvtres.write.1.tlog
c:\users\acm_icpc\desktop\gr\2d-graphics-practice\3.0.simple2dtransarrowmouse_gl\debug\3.0.simp.15ed7b14.tlog\link.7856-rc.read.1.tlog
c:\users\acm_icpc\desktop\gr\2d-graphics-practice\3.0.simple2dtransarrowmouse_gl\debug\3.0.simp.15ed7b14.tlog\link.7856-rc.write.1.tlog
c:\users\acm_icpc\desktop\gr\2d-graphics-practice\3.0.simple2dtransarrowmouse_gl\debug\3.0.simp.15ed7b14.tlog\link.7856.read.1.tlog
c:\users\acm_icpc\desktop\gr\2d-graphics-practice\3.0.simple2dtransarrowmouse_gl\debug\3.0.simp.15ed7b14.tlog\link.7856.write.1.tlog
c:\users\acm_icpc\desktop\gr\2d-graphics-practice\3.0.simple2dtransarrowmouse_gl\debug\3.0.simp.15ed7b14.tlog\link.command.1.tlog
c:\users\acm_icpc\desktop\gr\2d-graphics-practice\3.0.simple2dtransarrowmouse_gl\debug\3.0.simp.15ed7b14.tlog\link.read.1.tlog
c:\users\acm_icpc\desktop\gr\2d-graphics-practice\3.0.simple2dtransarrowmouse_gl\debug\3.0.simp.15ed7b14.tlog\link.write.1.tlog
